  QInt.cpp
d:\second\ktmt\th\18120109_18120168_18120512\18120109_18120168_18120512\18120109_18120168_18120512\qint.cpp(103): warning C4018: '<': signed/unsigned mismatch
d:\second\ktmt\th\18120109_18120168_18120512\18120109_18120168_18120512\18120109_18120168_18120512\qint.cpp(192): warning C4018: '<': signed/unsigned mismatch
d:\second\ktmt\th\18120109_18120168_18120512\18120109_18120168_18120512\18120109_18120168_18120512\qint.cpp(211): warning C4018: '<': signed/unsigned mismatch
d:\second\ktmt\th\18120109_18120168_18120512\18120109_18120168_18120512\18120109_18120168_18120512\qint.cpp(249): warning C4800: 'int': forcing value to bool 'true' or 'false' (performance warning)
d:\second\ktmt\th\18120109_18120168_18120512\18120109_18120168_18120512\18120109_18120168_18120512\qint.cpp(264): warning C4800: 'int': forcing value to bool 'true' or 'false' (performance warning)
d:\second\ktmt\th\18120109_18120168_18120512\18120109_18120168_18120512\18120109_18120168_18120512\qint.cpp(272): warning C4800: 'int': forcing value to bool 'true' or 'false' (performance warning)
d:\second\ktmt\th\18120109_18120168_18120512\18120109_18120168_18120512\18120109_18120168_18120512\qint.cpp(404): warning C4800: 'int': forcing value to bool 'true' or 'false' (performance warning)
d:\second\ktmt\th\18120109_18120168_18120512\18120109_18120168_18120512\18120109_18120168_18120512\qint.cpp(449): warning C4800: 'int': forcing value to bool 'true' or 'false' (performance warning)
  Qfloat.cpp
d:\second\ktmt\th\18120109_18120168_18120512\18120109_18120168_18120512\18120109_18120168_18120512\qfloat.cpp(15): warning C4018: '<': signed/unsigned mismatch
d:\second\ktmt\th\18120109_18120168_18120512\18120109_18120168_18120512\18120109_18120168_18120512\qfloat.cpp(93): warning C4018: '<': signed/unsigned mismatch
d:\second\ktmt\th\18120109_18120168_18120512\18120109_18120168_18120512\18120109_18120168_18120512\qfloat.cpp(95): warning C4554: '&': check operator precedence for possible error; use parentheses to clarify precedence
d:\second\ktmt\th\18120109_18120168_18120512\18120109_18120168_18120512\18120109_18120168_18120512\qfloat.cpp(134): warning C4800: 'int': forcing value to bool 'true' or 'false' (performance warning)
d:\second\ktmt\th\18120109_18120168_18120512\18120109_18120168_18120512\18120109_18120168_18120512\qfloat.cpp(260): warning C4554: '<<': check operator precedence for possible error; use parentheses to clarify precedence
d:\second\ktmt\th\18120109_18120168_18120512\18120109_18120168_18120512\18120109_18120168_18120512\qfloat.cpp(379): warning C4018: '<': signed/unsigned mismatch
d:\second\ktmt\th\18120109_18120168_18120512\18120109_18120168_18120512\18120109_18120168_18120512\qfloat.cpp(479): warning C4800: 'int': forcing value to bool 'true' or 'false' (performance warning)
d:\second\ktmt\th\18120109_18120168_18120512\18120109_18120168_18120512\18120109_18120168_18120512\qfloat.cpp(580): warning C4018: '<': signed/unsigned mismatch
  Math.cpp
d:\second\ktmt\th\18120109_18120168_18120512\18120109_18120168_18120512\18120109_18120168_18120512\math.cpp(69): warning C4018: '<=': signed/unsigned mismatch
d:\second\ktmt\th\18120109_18120168_18120512\18120109_18120168_18120512\18120109_18120168_18120512\math.cpp(82): warning C4018: '<': signed/unsigned mismatch
d:\second\ktmt\th\18120109_18120168_18120512\18120109_18120168_18120512\18120109_18120168_18120512\math.cpp(84): warning C4018: '<': signed/unsigned mismatch
d:\second\ktmt\th\18120109_18120168_18120512\18120109_18120168_18120512\18120109_18120168_18120512\math.cpp(127): warning C4018: '<': signed/unsigned mismatch
d:\second\ktmt\th\18120109_18120168_18120512\18120109_18120168_18120512\18120109_18120168_18120512\math.cpp(150): warning C4018: '<': signed/unsigned mismatch
  main.cpp
d:\second\ktmt\th\18120109_18120168_18120512\18120109_18120168_18120512\18120109_18120168_18120512\main.cpp(85): warning C4018: '<': signed/unsigned mismatch
d:\second\ktmt\th\18120109_18120168_18120512\18120109_18120168_18120512\18120109_18120168_18120512\main.cpp(182): warning C4018: '<': signed/unsigned mismatch
d:\second\ktmt\th\18120109_18120168_18120512\18120109_18120168_18120512\18120109_18120168_18120512\main.cpp(184): warning C4018: '<': signed/unsigned mismatch
  Game.cpp
d:\second\ktmt\th\18120109_18120168_18120512\18120109_18120168_18120512\18120109_18120168_18120512\game.cpp(43): warning C4018: '<': signed/unsigned mismatch
d:\second\ktmt\th\18120109_18120168_18120512\18120109_18120168_18120512\18120109_18120168_18120512\game.cpp(48): warning C4018: '<': signed/unsigned mismatch
d:\second\ktmt\th\18120109_18120168_18120512\18120109_18120168_18120512\18120109_18120168_18120512\game.cpp(53): warning C4018: '<': signed/unsigned mismatch
d:\second\ktmt\th\18120109_18120168_18120512\18120109_18120168_18120512\18120109_18120168_18120512\game.cpp(102): warning C4018: '<': signed/unsigned mismatch
d:\second\ktmt\th\18120109_18120168_18120512\18120109_18120168_18120512\18120109_18120168_18120512\game.cpp(108): warning C4018: '<': signed/unsigned mismatch
d:\second\ktmt\th\18120109_18120168_18120512\18120109_18120168_18120512\18120109_18120168_18120512\game.cpp(114): warning C4018: '<': signed/unsigned mismatch
d:\second\ktmt\th\18120109_18120168_18120512\18120109_18120168_18120512\18120109_18120168_18120512\game.cpp(128): warning C4018: '<': signed/unsigned mismatch
d:\second\ktmt\th\18120109_18120168_18120512\18120109_18120168_18120512\18120109_18120168_18120512\game.cpp(134): warning C4018: '<': signed/unsigned mismatch
d:\second\ktmt\th\18120109_18120168_18120512\18120109_18120168_18120512\18120109_18120168_18120512\game.cpp(140): warning C4018: '<': signed/unsigned mismatch
d:\second\ktmt\th\18120109_18120168_18120512\18120109_18120168_18120512\18120109_18120168_18120512\game.cpp(155): warning C4018: '<': signed/unsigned mismatch
d:\second\ktmt\th\18120109_18120168_18120512\18120109_18120168_18120512\18120109_18120168_18120512\game.cpp(161): warning C4018: '<': signed/unsigned mismatch
d:\second\ktmt\th\18120109_18120168_18120512\18120109_18120168_18120512\18120109_18120168_18120512\game.cpp(167): warning C4018: '<': signed/unsigned mismatch
d:\second\ktmt\th\18120109_18120168_18120512\18120109_18120168_18120512\18120109_18120168_18120512\game.cpp(282): warning C4244: 'argument': conversion from 'int' to 'float', possible loss of data
d:\second\ktmt\th\18120109_18120168_18120512\18120109_18120168_18120512\18120109_18120168_18120512\game.cpp(296): warning C4244: 'argument': conversion from 'int' to 'float', possible loss of data
  ButtonTexture.cpp
  Button.cpp
d:\second\ktmt\th\18120109_18120168_18120512\18120109_18120168_18120512\18120109_18120168_18120512\button.cpp(59): warning C4244: 'argument': conversion from 'int' to 'float', possible loss of data
  Generating Code...
d:\second\ktmt\th\18120109_18120168_18120512\18120109_18120168_18120512\18120109_18120168_18120512\main.cpp(31): warning C4715: 'calcQInt1': not all control paths return a value
d:\second\ktmt\th\18120109_18120168_18120512\18120109_18120168_18120512\18120109_18120168_18120512\main.cpp(81): warning C4715: 'calcCompare': not all control paths return a value
d:\second\ktmt\th\18120109_18120168_18120512\18120109_18120168_18120512\18120109_18120168_18120512\main.cpp(152): warning C4715: 'calcQfloat': not all control paths return a value
d:\second\ktmt\th\18120109_18120168_18120512\18120109_18120168_18120512\18120109_18120168_18120512\main.cpp(176): warning C4715: 'processQfloat': not all control paths return a value
d:\second\ktmt\th\18120109_18120168_18120512\18120109_18120168_18120512\18120109_18120168_18120512\main.cpp(139): warning C4715: 'processQInt': not all control paths return a value
d:\second\ktmt\th\18120109_18120168_18120512\18120109_18120168_18120512\18120109_18120168_18120512\qfloat.cpp(374): warning C4715: 'Qfloat::PrintQfloat': not all control paths return a value
  18120109_18120168_18120512.vcxproj -> D:\Second\KTMT\TH\18120109_18120168_18120512\18120109_18120168_18120512\Debug\18120109_18120168_18120512.exe
  18120109_18120168_18120512.vcxproj -> D:\Second\KTMT\TH\18120109_18120168_18120512\18120109_18120168_18120512\Debug\18120109_18120168_18120512.pdb (Partial PDB)
